Arguments: 
  /usr/bin/node /home/miguel/.yarn/bin/yarn.js add stripe

PATH: 
  /home/miguel/.yarn/bin:/usr/local/sbin:/usr/local/bin:/usr/bin:/usr/lib/jvm/default/bin:/usr/bin/site_perl:/usr/bin/vendor_perl:/usr/bin/core_perl

Yarn version: 
  0.24.4

Node version: 
  9.3.0

Platform: 
  linux x64

npm manifest: 
  {
    "name": "Recast-ai-starter-kit",
    "version": "1.0.0",
    "description": "A bot built with Recast.AI",
    "main": "server.js",
    "scripts": {
      "start": "nodemon --exec babel-node -- src/server.js",
      "preprod": "npm run build",
      "prod": "node dist/server.js",
      "lint": "eslint src/",
      "build": "babel src -d dist"
    },
    "author": "Recast",
    "license": "ISC",
    "repository": {
      "type": "git",
      "url": "git@github.com:RecastAI/starter-NodeJS.git"
    },
    "engines": {
      "node": "9.2.0",
      "npm": "5.5.1"
    },
    "dependencies": {
      "axios": "^0.16.2",
      "babel-cli": "^6.11.4",
      "babel-eslint": "^6.1.2",
      "babel-plugin-syntax-async-functions": "^6.13.0",
      "babel-plugin-transform-runtime": "^6.22.0",
      "babel-polyfill": "^6.22.0",
      "babel-preset-es2015": "^6.22.0",
      "babel-preset-es2016": "^6.24.1",
      "babel-preset-stage-0": "^6.22.0",
      "babel-register": "^6.11.5",
      "body-parser": "^1.17.1",
      "busboy": "^0.2.14",
      "connect-busboy": "0.0.2",
      "cookie-parser": "^1.4.3",
      "crypto-js": "^3.1.9-1",
      "cron-builder": "^0.3.0",
      "cron-parser": "^2.4.3",
      "debug": "~2.6.3",
      "dotenv": "^4.0.0",
      "eslint": "^3.2.0",
      "eslint-config-zavatta": "^4.2.0",
      "eslint-plugin-import": "^1.6.1",
      "express": "^4.15.1",
      "express-busboy": "^6.0.1",
      "express-fileupload": "^0.2.0",
      "express-session": "^1.15.6",
      "form-data": "^2.3.1",
      "hbs": "~4.0.1",
      "jsonwebtoken": "^8.0.1",
      "mongoose": "^4.11.13",
      "morgan": "~1.8.1",
      "nodemon": "^1.12.1",
      "recastai": "^3.7.0",
      "request": "^2.83.0",
      "request-promise": "^4.2.2",
      "serve-favicon": "~2.4.2",
      "superagent": "^3.7.0"
    },
    "devDependencies": {},
    "babel": {
      "presets": [
        "es2015",
        "stage-0"
      ],
      "plugins": [
        "transform-runtime",
        "syntax-async-functions"
      ]
    },
    "eslintConfig": {
      "extends": "zavatta",
      "rules": {
        "no-console": 0,
        "callback-return": 0
      }
    }
  }

yarn manifest: 
  No manifest

Lockfile: 
  No lockfile

Trace: 
  Error: EACCES: permission denied, mkdir '/home/miguel/facebook-amazing-bot/node_modules/eslint/node_modules/doctrine'
